<?xml version="1.0" encoding="UTF-8"?>
<testng-results total="1" passed="1" failed="0" skipped="0">
  <reporter-output>
    <line>
      <![CDATA[<div "featureFile">Feature File: RegisterUser.feature</div>]]>
    </line>
    <line>
      <![CDATA[<div "feature">Feature: Scenario of new user</div>]]>
    </line>
    <line>
      <![CDATA[<div "scenarioOutline">Scenario Outline: Register a new user</div>]]>
    </line>
    <line>
      <![CDATA[<div "scenario">Scenario Outline: Register a new user</div>]]>
    </line>
    <line>
      <![CDATA[<div "result">Given  I open the app (passed : 19s)</div>]]>
    </line>
    <line>
      <![CDATA[<div "result">When  Click Register Now button (passed : 0s)</div>]]>
    </line>
    <line>
      <![CDATA[<div "result">And  Type the user name &quot;&lt;name&gt;&quot; (passed : 5s)</div>]]>
    </line>
    <line>
      <![CDATA[<div "result">And  Type the email &quot;&lt;email&gt;&quot; (passed : 9s)</div>]]>
    </line>
    <line>
      <![CDATA[<div "result">And  Type the password &quot;&lt;password&gt;&quot; (passed : 10s)</div>]]>
    </line>
    <line>
      <![CDATA[<div "result">And  Re-Type the password &quot;&lt;password2&gt;&quot; (passed : 8s)</div>]]>
    </line>
    <line>
      <![CDATA[<div "result">Then  Click Register button (passed : 1s)</div>]]>
    </line>
  </reporter-output>
  <suite started-at="2019-03-04T19:46:25Z" name="Test runner" finished-at="2019-03-04T19:47:23Z" duration-ms="57321">
    <groups>
      <group name="cucumber">
        <method signature="AbstractTestNGCucumberTests.run_cukes()[pri:0, instance:com.selenium.AppTest@43bc63a3]" name="run_cukes" class="cucumber.api.testng.AbstractTestNGCucumberTests"/>
      </group> <!-- cucumber -->
    </groups>
    <test started-at="2019-03-04T19:46:25Z" name="TestAndroid" finished-at="2019-03-04T19:47:23Z" duration-ms="57321">
      <class name="com.selenium.AppTest">
        <test-method signature="run_cukes()[pri:0, instance:com.selenium.AppTest@43bc63a3]" started-at="2019-03-04T14:46:25Z" name="run_cukes" description="Runs Cucumber Features" finished-at="2019-03-04T14:47:23Z" duration-ms="57289" status="PASS">
          <reporter-output>
            <line>
              <![CDATA[<div "featureFile">Feature File: RegisterUser.feature</div>]]>
            </line>
            <line>
              <![CDATA[<div "feature">Feature: Scenario of new user</div>]]>
            </line>
            <line>
              <![CDATA[<div "scenarioOutline">Scenario Outline: Register a new user</div>]]>
            </line>
            <line>
              <![CDATA[<div "scenario">Scenario Outline: Register a new user</div>]]>
            </line>
            <line>
              <![CDATA[<div "result">Given  I open the app (passed : 19s)</div>]]>
            </line>
            <line>
              <![CDATA[<div "result">When  Click Register Now button (passed : 0s)</div>]]>
            </line>
            <line>
              <![CDATA[<div "result">And  Type the user name &quot;&lt;name&gt;&quot; (passed : 5s)</div>]]>
            </line>
            <line>
              <![CDATA[<div "result">And  Type the email &quot;&lt;email&gt;&quot; (passed : 9s)</div>]]>
            </line>
            <line>
              <![CDATA[<div "result">And  Type the password &quot;&lt;password&gt;&quot; (passed : 10s)</div>]]>
            </line>
            <line>
              <![CDATA[<div "result">And  Re-Type the password &quot;&lt;password2&gt;&quot; (passed : 8s)</div>]]>
            </line>
            <line>
              <![CDATA[<div "result">Then  Click Register button (passed : 1s)</div>]]>
            </line>
          </reporter-output>
        </test-method> <!-- run_cukes -->
      </class> <!-- com.selenium.AppTest -->
    </test> <!-- TestAndroid -->
  </suite> <!-- Test runner -->
</testng-results>
